# JRE version: OpenJDK Runtime Environment OpenLogic-OpenJDK (17.0.12+7) (build 17.0.12+7-adhoc..jdk17u)
# Java VM: OpenJDK 64-Bit Server VM OpenLogic-OpenJDK (17.0.12+7-adhoc..jdk17u, mixed mode, sharing, tiered, compressed oops, compressed class ptrs, g1 gc, windows-amd64)
GC Precious Log:
 CPUs: 12 total, 12 available
 Memory: 7521M
 Large Page Support: Disabled
 NUMA Support: Disabled
 Compressed Oops: Enabled (32-bit)
 Heap Region Size: 1M
 Heap Min Capacity: 8M
 Heap Initial Capacity: 118M
 Heap Max Capacity: 1882M
 Pre-touch: Disabled
 Parallel Workers: 10
 Concurrent Workers: 3
 Concurrent Refinement Workers: 10
 Periodic GC: Disabled
Heap:
 garbage-first heap   total 120832K, used 75642K [0x000000008a600000, 0x0000000100000000)
  region size 1024K, 66 young (67584K), 1 survivors (1024K)
 Metaspace       used 13093K, committed 13376K, reserved 1114112K
  class space    used 1450K, committed 1600K, reserved 1048576K
GC Heap History (20 events):
Event: 3543.222 GC heap before
{Heap before GC invocations=105 (full 0):
 garbage-first heap   total 120832K, used 80770K [0x000000008a600000, 0x0000000100000000)
  region size 1024K, 70 young (71680K), 1 survivors (1024K)
 Metaspace       used 13069K, committed 13312K, reserved 1114112K
  class space    used 1450K, committed 1600K, reserved 1048576K
}
Event: 3543.222 GC heap after
{Heap after GC invocations=106 (full 0):
 garbage-first heap   total 120832K, used 10101K [0x000000008a600000, 0x0000000100000000)
  region size 1024K, 1 young (1024K), 1 survivors (1024K)
 Metaspace       used 13069K, committed 13312K, reserved 1114112K
  class space    used 1450K, committed 1600K, reserved 1048576K
}
Event: 3543.757 GC heap before
{Heap before GC invocations=106 (full 0):
 garbage-first heap   total 120832K, used 80757K [0x000000008a600000, 0x0000000100000000)
  region size 1024K, 70 young (71680K), 1 survivors (1024K)
 Metaspace       used 13078K, committed 13312K, reserved 1114112K
  class space    used 1450K, committed 1600K, reserved 1048576K
}
Event: 3543.757 GC heap after
{Heap after GC invocations=107 (full 0):
 garbage-first heap   total 120832K, used 10113K [0x000000008a600000, 0x0000000100000000)
  region size 1024K, 1 young (1024K), 1 survivors (1024K)
 Metaspace       used 13078K, committed 13312K, reserved 1114112K
  class space    used 1450K, committed 1600K, reserved 1048576K
}
Event: 3544.256 GC heap before
{Heap before GC invocations=107 (full 0):
 garbage-first heap   total 120832K, used 80769K [0x000000008a600000, 0x0000000100000000)
  region size 1024K, 70 young (71680K), 1 survivors (1024K)
 Metaspace       used 13079K, committed 13312K, reserved 1114112K
  class space    used 1450K, committed 1600K, reserved 1048576K
}
Event: 3544.256 GC heap after
{Heap after GC invocations=108 (full 0):
 garbage-first heap   total 120832K, used 10105K [0x000000008a600000, 0x0000000100000000)
  region size 1024K, 1 young (1024K), 1 survivors (1024K)
 Metaspace       used 13079K, committed 13312K, reserved 1114112K
  class space    used 1450K, committed 1600K, reserved 1048576K
}
Event: 3544.837 GC heap before
{Heap before GC invocations=108 (full 0):
 garbage-first heap   total 120832K, used 80761K [0x000000008a600000, 0x0000000100000000)
  region size 1024K, 70 young (71680K), 1 survivors (1024K)
 Metaspace       used 13080K, committed 13312K, reserved 1114112K
  class space    used 1450K, committed 1600K, reserved 1048576K
}
Event: 3544.838 GC heap after
{Heap after GC invocations=109 (full 0):
 garbage-first heap   total 120832K, used 10106K [0x000000008a600000, 0x0000000100000000)
  region size 1024K, 1 young (1024K), 1 survivors (1024K)
 Metaspace       used 13080K, committed 13312K, reserved 1114112K
  class space    used 1450K, committed 1600K, reserved 1048576K
}
Event: 3545.397 GC heap before
{Heap before GC invocations=109 (full 0):
 garbage-first heap   total 120832K, used 80762K [0x000000008a600000, 0x0000000100000000)
  region size 1024K, 70 young (71680K), 1 survivors (1024K)
 Metaspace       used 13080K, committed 13312K, reserved 1114112K
  class space    used 1450K, committed 1600K, reserved 1048576K
}
Event: 3545.398 GC heap after
{Heap after GC invocations=110 (full 0):
 garbage-first heap   total 120832K, used 10098K [0x000000008a600000, 0x0000000100000000)
  region size 1024K, 1 young (1024K), 1 survivors (1024K)
 Metaspace       used 13080K, committed 13312K, reserved 1114112K
  class space    used 1450K, committed 1600K, reserved 1048576K
}
Event: 3545.959 GC heap before
{Heap before GC invocations=110 (full 0):
 garbage-first heap   total 120832K, used 80754K [0x000000008a600000, 0x0000000100000000)
  region size 1024K, 70 young (71680K), 1 survivors (1024K)
 Metaspace       used 13080K, committed 13312K, reserved 1114112K
  class space    used 1450K, committed 1600K, reserved 1048576K
}
Event: 3545.960 GC heap after
{Heap after GC invocations=111 (full 0):
 garbage-first heap   total 120832K, used 10112K [0x000000008a600000, 0x0000000100000000)
  region size 1024K, 1 young (1024K), 1 survivors (1024K)
 Metaspace       used 13080K, committed 13312K, reserved 1114112K
  class space    used 1450K, committed 1600K, reserved 1048576K
}
Event: 3546.488 GC heap before
{Heap before GC invocations=111 (full 0):
 garbage-first heap   total 120832K, used 80768K [0x000000008a600000, 0x0000000100000000)
  region size 1024K, 70 young (71680K), 1 survivors (1024K)
 Metaspace       used 13080K, committed 13312K, reserved 1114112K
  class space    used 1450K, committed 1600K, reserved 1048576K
}
Event: 3546.488 GC heap after
{Heap after GC invocations=112 (full 0):
 garbage-first heap   total 120832K, used 10100K [0x000000008a600000, 0x0000000100000000)
  region size 1024K, 1 young (1024K), 1 survivors (1024K)
 Metaspace       used 13080K, committed 13312K, reserved 1114112K
  class space    used 1450K, committed 1600K, reserved 1048576K
}
Event: 3547.002 GC heap before
{Heap before GC invocations=112 (full 0):
 garbage-first heap   total 120832K, used 80756K [0x000000008a600000, 0x0000000100000000)
  region size 1024K, 70 young (71680K), 1 survivors (1024K)
 Metaspace       used 13082K, committed 13376K, reserved 1114112K
  class space    used 1450K, committed 1600K, reserved 1048576K
}
Event: 3547.003 GC heap after
{Heap after GC invocations=113 (full 0):
 garbage-first heap   total 120832K, used 10104K [0x000000008a600000, 0x0000000100000000)
  region size 1024K, 1 young (1024K), 1 survivors (1024K)
 Metaspace       used 13082K, committed 13376K, reserved 1114112K
  class space    used 1450K, committed 1600K, reserved 1048576K
}
Event: 3547.544 GC heap before
{Heap before GC invocations=113 (full 0):
 garbage-first heap   total 120832K, used 80760K [0x000000008a600000, 0x0000000100000000)
  region size 1024K, 70 young (71680K), 1 survivors (1024K)
 Metaspace       used 13088K, committed 13376K, reserved 1114112K
  class space    used 1450K, committed 1600K, reserved 1048576K
}
Event: 3547.544 GC heap after
{Heap after GC invocations=114 (full 0):
 garbage-first heap   total 120832K, used 10108K [0x000000008a600000, 0x0000000100000000)
  region size 1024K, 1 young (1024K), 1 survivors (1024K)
 Metaspace       used 13088K, committed 13376K, reserved 1114112K
  class space    used 1450K, committed 1600K, reserved 1048576K
}
Event: 3625.950 GC heap before
{Heap before GC invocations=114 (full 0):
 garbage-first heap   total 120832K, used 80764K [0x000000008a600000, 0x0000000100000000)
  region size 1024K, 70 young (71680K), 1 survivors (1024K)
 Metaspace       used 13092K, committed 13376K, reserved 1114112K
  class space    used 1450K, committed 1600K, reserved 1048576K
}
Event: 3625.951 GC heap after
{Heap after GC invocations=115 (full 0):
 garbage-first heap   total 120832K, used 10106K [0x000000008a600000, 0x0000000100000000)
  region size 1024K, 1 young (1024K), 1 survivors (1024K)
 Metaspace       used 13092K, committed 13376K, reserved 1114112K
  class space    used 1450K, committed 1600K, reserved 1048576K
}

